{"type":"server-started","port":52658,"host":"127.0.0.1","url_host":"localhost","url":"http://localhost:52658","screen_dir":"/Users/dgsw36/Desktop/01_프로젝트-개발/앱-도구/Notion Web/.superpowers/brainstorm/77751-1774578354/content","state_dir":"/Users/dgsw36/Desktop/01_프로젝트-개발/앱-도구/Notion Web/.superpowers/brainstorm/77751-1774578354/state"}
{"type":"screen-added","file":"/Users/dgsw36/Desktop/01_프로젝트-개발/앱-도구/Notion Web/.superpowers/brainstorm/77751-1774578354/content/improvement-overview.html"}
{"source":"user-event","type":"click","text":"1\n    \n      에디터 UX 개선 (12개)\n      블록 드래그 정교화, 멀티 블록 복사/붙여넣기, Undo/Redo 히스토리, 블록 들여쓰기 Tab/Shift+Tab, 포커스 모드, 전체 너비 토글 UX, 블록 핸들 개선 (항상 왼쪽 고정), 슬래시 커맨드 위치 개선, 인라인 링크 프리뷰 호버, 마크다운 붙여넣기 자동 변환, 드래그로 이미지 크기 조절 개선, 빈 블록 자동 정리","choice":"editor-ux","id":null,"timestamp":1774578396971}
{"source":"user-event","type":"click","text":"2\n    \n      사이드바 & 네비게이션 (7개)\n      페이지 드래그앤드롭 순서 변경/계층 이동, 워크스페이스 스위처 드롭다운, 최근 방문 페이지 섹션, 사이드바 검색 필터 (생성자, 날짜), 페이지 아이콘 호버 프리뷰, 사이드바 접힘 상태에서 호버 확장, 키보드로 페이지 트리 탐색 (↑↓ Enter)","choice":"sidebar-nav","id":null,"timestamp":1774578397772}
{"source":"user-event","type":"click","text":"1\n    \n      에디터 UX 개선 (12개)\n      블록 드래그 정교화, 멀티 블록 복사/붙여넣기, Undo/Redo 히스토리, 블록 들여쓰기 Tab/Shift+Tab, 포커스 모드, 전체 너비 토글 UX, 블록 핸들 개선 (항상 왼쪽 고정), 슬래시 커맨드 위치 개선, 인라인 링크 프리뷰 호버, 마크다운 붙여넣기 자동 변환, 드래그로 이미지 크기 조절 개선, 빈 블록 자동 정리","choice":"editor-ux","id":null,"timestamp":1774578398246}
{"source":"user-event","type":"click","text":"2\n    \n      사이드바 & 네비게이션 (7개)\n      페이지 드래그앤드롭 순서 변경/계층 이동, 워크스페이스 스위처 드롭다운, 최근 방문 페이지 섹션, 사이드바 검색 필터 (생성자, 날짜), 페이지 아이콘 호버 프리뷰, 사이드바 접힘 상태에서 호버 확장, 키보드로 페이지 트리 탐색 (↑↓ Enter)","choice":"sidebar-nav","id":null,"timestamp":1774578398549}
{"source":"user-event","type":"click","text":"1\n    \n      에디터 UX 개선 (12개)\n      블록 드래그 정교화, 멀티 블록 복사/붙여넣기, Undo/Redo 히스토리, 블록 들여쓰기 Tab/Shift+Tab, 포커스 모드, 전체 너비 토글 UX, 블록 핸들 개선 (항상 왼쪽 고정), 슬래시 커맨드 위치 개선, 인라인 링크 프리뷰 호버, 마크다운 붙여넣기 자동 변환, 드래그로 이미지 크기 조절 개선, 빈 블록 자동 정리","choice":"editor-ux","id":null,"timestamp":1774578398886}
{"source":"user-event","type":"click","text":"2\n    \n      사이드바 & 네비게이션 (7개)\n      페이지 드래그앤드롭 순서 변경/계층 이동, 워크스페이스 스위처 드롭다운, 최근 방문 페이지 섹션, 사이드바 검색 필터 (생성자, 날짜), 페이지 아이콘 호버 프리뷰, 사이드바 접힘 상태에서 호버 확장, 키보드로 페이지 트리 탐색 (↑↓ Enter)","choice":"sidebar-nav","id":null,"timestamp":1774578399137}
{"source":"user-event","type":"click","text":"3\n    \n      데이터베이스 UX (6개)\n      셀 인라인 편집 개선 (클릭 즉시 편집모드), 행 드래그 순서 변경, 그룹 접기/펼치기, 뷰 탭 드래그 순서 변경, 속성 열 드래그 순서 변경, 데이터베이스 자동 행 높이 조절","choice":"database-ux","id":null,"timestamp":1774578399656}
{"source":"user-event","type":"click","text":"4\n    \n      협업 & 소통 UX (5개)\n      인라인 댓글 (텍스트 선택 → 댓글), @멘션 자동완성, 실시간 타이핑 인디케이터, 읽은 위치 동기화, 댓글 이모지 리액션","choice":"collab-ux","id":null,"timestamp":1774578400052}
{"source":"user-event","type":"click","text":"5\n    \n      비주얼 폴리시 & 모션 (4개)\n      페이지 전환 애니메이션, 사이드바 접기/펼치기 부드러운 모션, 토스트 입장/퇴장 애니메이션 개선, 모달 열림/닫힘 fade + scale 트랜지션","choice":"visual-polish","id":null,"timestamp":1774578400436}
{"source":"user-event","type":"click","text":"6\n    \n      편의 기능 (8개)\n      페이지 템플릿 시스템, 키보드 단축키 도움말 (Cmd+/), 빠른 액션 (Cmd+Shift+P), 페이지 히스토리 & 복원, 마크다운 가져오기, 페이지 PDF 내보내기, 워크스페이스 멤버 온라인 상태, 다크모드 자동 전환 개선","choice":"convenience","id":null,"timestamp":1774578400757}
{"source":"user-event","type":"click","text":"6\n    \n      편의 기능 (8개)\n      페이지 템플릿 시스템, 키보드 단축키 도움말 (Cmd+/), 빠른 액션 (Cmd+Shift+P), 페이지 히스토리 & 복원, 마크다운 가져오기, 페이지 PDF 내보내기, 워크스페이스 멤버 온라인 상태, 다크모드 자동 전환 개선","choice":"convenience","id":null,"timestamp":1774578400991}
{"source":"user-event","type":"click","text":"6\n    \n      편의 기능 (8개)\n      페이지 템플릿 시스템, 키보드 단축키 도움말 (Cmd+/), 빠른 액션 (Cmd+Shift+P), 페이지 히스토리 & 복원, 마크다운 가져오기, 페이지 PDF 내보내기, 워크스페이스 멤버 온라인 상태, 다크모드 자동 전환 개선","choice":"convenience","id":null,"timestamp":1774578401358}
{"source":"user-event","type":"click","text":"1\n    \n      에디터 UX 개선 (12개)\n      블록 드래그 정교화, 멀티 블록 복사/붙여넣기, Undo/Redo 히스토리, 블록 들여쓰기 Tab/Shift+Tab, 포커스 모드, 전체 너비 토글 UX, 블록 핸들 개선 (항상 왼쪽 고정), 슬래시 커맨드 위치 개선, 인라인 링크 프리뷰 호버, 마크다운 붙여넣기 자동 변환, 드래그로 이미지 크기 조절 개선, 빈 블록 자동 정리","choice":"editor-ux","id":null,"timestamp":1774578424114}
{"source":"user-event","type":"click","text":"1\n    \n      에디터 UX 개선 (12개)\n      블록 드래그 정교화, 멀티 블록 복사/붙여넣기, Undo/Redo 히스토리, 블록 들여쓰기 Tab/Shift+Tab, 포커스 모드, 전체 너비 토글 UX, 블록 핸들 개선 (항상 왼쪽 고정), 슬래시 커맨드 위치 개선, 인라인 링크 프리뷰 호버, 마크다운 붙여넣기 자동 변환, 드래그로 이미지 크기 조절 개선, 빈 블록 자동 정리","choice":"editor-ux","id":null,"timestamp":1774578424331}
{"source":"user-event","type":"click","text":"1\n    \n      에디터 UX 개선 (12개)\n      블록 드래그 정교화, 멀티 블록 복사/붙여넣기, Undo/Redo 히스토리, 블록 들여쓰기 Tab/Shift+Tab, 포커스 모드, 전체 너비 토글 UX, 블록 핸들 개선 (항상 왼쪽 고정), 슬래시 커맨드 위치 개선, 인라인 링크 프리뷰 호버, 마크다운 붙여넣기 자동 변환, 드래그로 이미지 크기 조절 개선, 빈 블록 자동 정리","choice":"editor-ux","id":null,"timestamp":1774578425200}
{"source":"user-event","type":"click","text":"2\n    \n      사이드바 & 네비게이션 (7개)\n      페이지 드래그앤드롭 순서 변경/계층 이동, 워크스페이스 스위처 드롭다운, 최근 방문 페이지 섹션, 사이드바 검색 필터 (생성자, 날짜), 페이지 아이콘 호버 프리뷰, 사이드바 접힘 상태에서 호버 확장, 키보드로 페이지 트리 탐색 (↑↓ Enter)","choice":"sidebar-nav","id":null,"timestamp":1774578425430}
{"source":"user-event","type":"click","text":"3\n    \n      데이터베이스 UX (6개)\n      셀 인라인 편집 개선 (클릭 즉시 편집모드), 행 드래그 순서 변경, 그룹 접기/펼치기, 뷰 탭 드래그 순서 변경, 속성 열 드래그 순서 변경, 데이터베이스 자동 행 높이 조절","choice":"database-ux","id":null,"timestamp":1774578425719}
{"source":"user-event","type":"click","text":"4\n    \n      협업 & 소통 UX (5개)\n      인라인 댓글 (텍스트 선택 → 댓글), @멘션 자동완성, 실시간 타이핑 인디케이터, 읽은 위치 동기화, 댓글 이모지 리액션","choice":"collab-ux","id":null,"timestamp":1774578425987}
{"source":"user-event","type":"click","text":"5\n    \n      비주얼 폴리시 & 모션 (4개)\n      페이지 전환 애니메이션, 사이드바 접기/펼치기 부드러운 모션, 토스트 입장/퇴장 애니메이션 개선, 모달 열림/닫힘 fade + scale 트랜지션","choice":"visual-polish","id":null,"timestamp":1774578426280}
{"source":"user-event","type":"click","text":"6\n    \n      편의 기능 (8개)\n      페이지 템플릿 시스템, 키보드 단축키 도움말 (Cmd+/), 빠른 액션 (Cmd+Shift+P), 페이지 히스토리 & 복원, 마크다운 가져오기, 페이지 PDF 내보내기, 워크스페이스 멤버 온라인 상태, 다크모드 자동 전환 개선","choice":"convenience","id":null,"timestamp":1774578426589}
{"type":"screen-added","file":"/Users/dgsw36/Desktop/01_프로젝트-개발/앱-도구/Notion Web/.superpowers/brainstorm/77751-1774578354/content/waiting.html"}
